app/build/intermediates/manifest_merge_blame_file/debug/manifest-merger-blame-debug-report.txt
1<?xml version="1.0" encoding="utf-8"?>
2<manifest xmlns:android="http://schemas.android.com/apk/res/android"
3    package="com.newbee.lixiaomodel"
4    android:versionCode="1"
5    android:versionName="1.0" >
6
7    <uses-sdk
8        android:minSdkVersion="14"
8-->src\main\AndroidManifest.xml
9        android:targetSdkVersion="29" />
9-->src\main\AndroidManifest.xml
10
11    <uses-feature android:name="android.hardware.usb.host" />
11-->src\main\AndroidManifest.xml:3:5-61
11-->src\main\AndroidManifest.xml:3:19-59
12    <uses-feature android:name="android.hardware.camera" />
12-->src\main\AndroidManifest.xml:4:5-60
12-->src\main\AndroidManifest.xml:4:19-57
13    <uses-feature android:name="android.hardware.camera.autofocus" />
13-->src\main\AndroidManifest.xml:5:5-70
13-->src\main\AndroidManifest.xml:5:19-67
14
15    <uses-permission android:name="android.hardware.usb.host" />
15-->src\main\AndroidManifest.xml:6:5-65
15-->src\main\AndroidManifest.xml:6:22-62
16
17    <uses-feature
17-->src\main\AndroidManifest.xml:7:5-9:35
18        android:name="android.hardware.bluetooth_le"
18-->src\main\AndroidManifest.xml:8:9-53
19        android:required="true" />
19-->src\main\AndroidManifest.xml:9:9-32
20    <!-- b -->
21    <uses-permission android:name="android.permission.ACCESS_SUPERlandscape" />
21-->src\main\AndroidManifest.xml:11:5-80
21-->src\main\AndroidManifest.xml:11:22-77
22    <uses-permission android:name="android.permission.ACCESS_WIFI_STATE" />
22-->src\main\AndroidManifest.xml:12:5-76
22-->src\main\AndroidManifest.xml:12:22-73
23    <uses-permission android:name="android.permission.ACCESS_NETWORK_STATE" />
23-->src\main\AndroidManifest.xml:13:5-79
23-->src\main\AndroidManifest.xml:13:22-76
24    <!-- c -->
25    <uses-permission android:name="android.permission.ACCESS_MOCK_LOCATION" />
25-->src\main\AndroidManifest.xml:15:5-79
25-->src\main\AndroidManifest.xml:15:22-76
26    <uses-permission android:name="android.permission.ACCESS_COARSE_LOCATION" />
26-->src\main\AndroidManifest.xml:16:5-81
26-->src\main\AndroidManifest.xml:16:22-78
27    <uses-permission android:name="android.permission.ACCESS_FINE_LOCATION" />
27-->src\main\AndroidManifest.xml:17:5-79
27-->src\main\AndroidManifest.xml:17:22-76
28    <uses-permission android:name="android.permission.BLUETOOTH" />
28-->src\main\AndroidManifest.xml:18:5-68
28-->src\main\AndroidManifest.xml:18:22-65
29    <uses-permission android:name="android.permission.BLUETOOTH_ADMIN" />
29-->src\main\AndroidManifest.xml:19:5-74
29-->src\main\AndroidManifest.xml:19:22-71
30    <!-- d -->
31    <uses-permission android:name="android.permission.BLUETOOTH_PRIVILEGED" />
31-->src\main\AndroidManifest.xml:21:5-79
31-->src\main\AndroidManifest.xml:21:22-76
32    <!-- g -->
33    <uses-permission android:name="android.permission.CHANGE_NETWORK_STATE" />
33-->src\main\AndroidManifest.xml:23:5-79
33-->src\main\AndroidManifest.xml:23:22-76
34    <!-- r -->
35    <uses-permission android:name="android.permission.CHANGE_WIFI_STATE" />
35-->src\main\AndroidManifest.xml:25:5-76
35-->src\main\AndroidManifest.xml:25:22-73
36    <uses-permission android:name="android.permission.CHANGE_CONFIGURATION" />
36-->src\main\AndroidManifest.xml:26:5-79
36-->src\main\AndroidManifest.xml:26:22-76
37    <uses-permission android:name="android.permission.CAMERA" />
37-->src\main\AndroidManifest.xml:27:5-65
37-->src\main\AndroidManifest.xml:27:22-62
38    <uses-permission android:name="android.permission.CONNECTIVITY_INTERNAL" />
38-->src\main\AndroidManifest.xml:28:5-80
38-->src\main\AndroidManifest.xml:28:22-77
39    <uses-permission android:name="android.permission.DISABLE_KEYGUARD" />
39-->src\main\AndroidManifest.xml:29:5-75
39-->src\main\AndroidManifest.xml:29:22-72
40    <uses-permission android:name="android.permission.GET_TASKS" />
40-->src\main\AndroidManifest.xml:30:5-68
40-->src\main\AndroidManifest.xml:30:22-65
41    <!-- i -->
42    <uses-permission android:name="android.permission.RECORD_AUDIO" />
42-->src\main\AndroidManifest.xml:32:5-71
42-->src\main\AndroidManifest.xml:32:22-68
43    <!-- 静默安装 -->
44    <uses-permission android:name="android.permission.RECORD_VIDEO" />
44-->src\main\AndroidManifest.xml:34:5-71
44-->src\main\AndroidManifest.xml:34:22-68
45    <!-- m -->
46    <uses-permission android:name="android.permission.READ_FRAME_BUFFER" />
46-->src\main\AndroidManifest.xml:36:5-76
46-->src\main\AndroidManifest.xml:36:22-73
47    <uses-permission android:name="android.permission.READ_EXTERNAL_STORAGE" />
47-->src\main\AndroidManifest.xml:37:5-80
47-->src\main\AndroidManifest.xml:37:22-77
48    <!-- w -->
49    <uses-permission android:name="android.permission.READ_PHONE_STATE" />
49-->src\main\AndroidManifest.xml:39:5-75
49-->src\main\AndroidManifest.xml:39:22-72
50    <uses-permission android:name="android.permission.RECEIVE_BOOT_COMPLETED" />
50-->src\main\AndroidManifest.xml:40:5-81
50-->src\main\AndroidManifest.xml:40:22-78
51    <uses-permission android:name="android.permission.INTERNET" />
51-->src\main\AndroidManifest.xml:41:5-67
51-->src\main\AndroidManifest.xml:41:22-64
52    <uses-permission android:name="android.permission.INSTALL_PACKAGES" />
52-->src\main\AndroidManifest.xml:42:5-75
52-->src\main\AndroidManifest.xml:42:22-72
53    <!-- s -->
54    <uses-permission android:name="android.permission.MOUNT_UNMOUNT_FILESYSTEMS" />
54-->src\main\AndroidManifest.xml:44:5-84
54-->src\main\AndroidManifest.xml:44:22-81
55    <!-- 在 屏幕最顶部显示addview -->
56    <uses-permission android:name="android.permission.MODIFY_AUDIO_SETTINGS" />
56-->src\main\AndroidManifest.xml:46:5-80
56-->src\main\AndroidManifest.xml:46:22-77
57    <uses-permission android:name="android.permission.WRITE_EXTERNAL_STORAGE" />
57-->src\main\AndroidManifest.xml:47:5-81
57-->src\main\AndroidManifest.xml:47:22-78
58    <!-- v -->
59    <uses-permission android:name="android.permission.WAKE_LOCK" />
59-->src\main\AndroidManifest.xml:49:5-68
59-->src\main\AndroidManifest.xml:49:22-65
60    <uses-permission android:name="android.permission.WRITE_SETTINGS" />
60-->src\main\AndroidManifest.xml:50:5-73
60-->src\main\AndroidManifest.xml:50:22-70
61    <uses-permission android:name="android.permission.WRITE_SECURE_SETTINGS" />
61-->src\main\AndroidManifest.xml:51:5-80
61-->src\main\AndroidManifest.xml:51:22-77
62    <uses-permission android:name="android.permission.SYSTEM_ALERT_WINDOW" />
62-->src\main\AndroidManifest.xml:52:5-78
62-->src\main\AndroidManifest.xml:52:22-75
63    <uses-permission android:name="android.permission.SYSTEM_OVERLAY_WINDOW" />
63-->src\main\AndroidManifest.xml:53:5-80
63-->src\main\AndroidManifest.xml:53:22-77
64    <uses-permission android:name="android.permission.SERIAL_PORT" />
64-->src\main\AndroidManifest.xml:54:5-70
64-->src\main\AndroidManifest.xml:54:22-67
65    <uses-permission android:name="android.permission.RECOVERY" />
65-->src\main\AndroidManifest.xml:55:5-67
65-->src\main\AndroidManifest.xml:55:22-64
66
67    <!-- Required -->
68    <uses-permission android:name="android.permission.VIBRATE" />
68-->src\main\AndroidManifest.xml:58:5-66
68-->src\main\AndroidManifest.xml:58:22-63
69    <uses-permission android:name="android.permission.RECEIVE_BOOT_COMPLETED" />
69-->src\main\AndroidManifest.xml:40:5-81
69-->src\main\AndroidManifest.xml:40:22-78
70    <uses-permission android:name="android.permission.SYSTEM_ALERT_WINDOW" />
70-->src\main\AndroidManifest.xml:52:5-78
70-->src\main\AndroidManifest.xml:52:22-75
71    <uses-permission android:name="android.hardware.sensor.accelerometer" />
71-->src\main\AndroidManifest.xml:61:5-76
71-->src\main\AndroidManifest.xml:61:22-74
72
73    <!-- 硬件加速对X5视频播放非常重要，建议开启 -->
74    <uses-permission android:name="android.permission.GET_TASKS" />
74-->src\main\AndroidManifest.xml:30:5-68
74-->src\main\AndroidManifest.xml:30:22-65
75
76    <application
76-->src\main\AndroidManifest.xml:67:5-97:19
77        android:name="com.newbee.lixiaomodel.MyApplication"
77-->src\main\AndroidManifest.xml:74:9-38
78        android:allowBackup="true"
78-->src\main\AndroidManifest.xml:68:9-35
79        android:appComponentFactory="androidx.core.app.CoreComponentFactory"
79-->[androidx.core:core:1.3.0] AndroidManifest.xml:24:18-86
80        android:debuggable="true"
81        android:icon="@mipmap/ic_launcher"
81-->src\main\AndroidManifest.xml:69:9-43
82        android:label="@string/app_name"
82-->src\main\AndroidManifest.xml:70:9-41
83        android:roundIcon="@mipmap/ic_launcher_round"
83-->src\main\AndroidManifest.xml:71:9-54
84        android:supportsRtl="true"
84-->src\main\AndroidManifest.xml:72:9-35
85        android:testOnly="true"
86        android:theme="@style/NewBee.BaseImmersiveThemeTransparentNavigation"
86-->src\main\AndroidManifest.xml:75:9-78
87        android:usesCleartextTraffic="true" >
87-->src\main\AndroidManifest.xml:73:9-44
88        <uses-library
88-->src\main\AndroidManifest.xml:76:9-78:40
89            android:name="org.apache.http.legacy"
89-->src\main\AndroidManifest.xml:77:13-50
90            android:required="false" />
90-->src\main\AndroidManifest.xml:78:13-37
91
92        <activity android:name="com.newbee.lixiaomodel.TestUpdateVersionActivity" >
92-->src\main\AndroidManifest.xml:81:9-87:20
92-->src\main\AndroidManifest.xml:82:13-54
93            <intent-filter>
93-->src\main\AndroidManifest.xml:83:13-86:29
94                <action android:name="android.intent.action.MAIN" />
94-->src\main\AndroidManifest.xml:84:17-69
94-->src\main\AndroidManifest.xml:84:25-66
95
96                <category android:name="android.intent.category.LAUNCHER" />
96-->src\main\AndroidManifest.xml:85:17-77
96-->src\main\AndroidManifest.xml:85:27-74
97            </intent-filter>
98        </activity>
99        <activity android:name="com.newbee.lixiaomodel.LauncherActivity" />
99-->src\main\AndroidManifest.xml:88:9-53
99-->src\main\AndroidManifest.xml:88:19-51
100        <activity android:name="com.newbee.lixiaomodel.UserPrivateAgreemeetActivity" />
100-->src\main\AndroidManifest.xml:89:9-65
100-->src\main\AndroidManifest.xml:89:19-63
101        <activity android:name="com.newbee.lixiaomodel.TestDownActivity" />
101-->src\main\AndroidManifest.xml:90:9-53
101-->src\main\AndroidManifest.xml:90:19-51
102        <activity android:name="com.newbee.lixiaomodel.TestUploadActivity" />
102-->src\main\AndroidManifest.xml:91:9-55
102-->src\main\AndroidManifest.xml:91:19-53
103        <activity android:name="com.newbee.lixiaomodel.TestMyRadioGroupActivity" />
103-->src\main\AndroidManifest.xml:92:9-61
103-->src\main\AndroidManifest.xml:92:19-59
104        <!-- <activity android:name=".TestUpdateVersionActivity"/> -->
105        <!-- <activity android:name=".OpenGlTextActivity1"/> -->
106        <service android:name="com.lixiao.down.service.XiaoGeDownLoaderService" />
106-->src\main\AndroidManifest.xml:95:9-82
106-->src\main\AndroidManifest.xml:95:18-80
107        <service android:name="com.lixiao.oss.service.OssService" />
107-->src\main\AndroidManifest.xml:96:9-68
107-->src\main\AndroidManifest.xml:96:18-66
108
109        <provider
109-->[androidx.lifecycle:lifecycle-process:2.2.0] AndroidManifest.xml:25:9-29:43
110            android:name="androidx.lifecycle.ProcessLifecycleOwnerInitializer"
110-->[androidx.lifecycle:lifecycle-process:2.2.0] AndroidManifest.xml:26:13-79
111            android:authorities="com.newbee.lixiaomodel.lifecycle-process"
111-->[androidx.lifecycle:lifecycle-process:2.2.0] AndroidManifest.xml:27:13-69
112            android:exported="false"
112-->[androidx.lifecycle:lifecycle-process:2.2.0] AndroidManifest.xml:28:13-37
113            android:multiprocess="true" />
113-->[androidx.lifecycle:lifecycle-process:2.2.0] AndroidManifest.xml:29:13-40
114        <provider
114-->[com.liulishuo.okdownload:okdownload:1.0.6] AndroidManifest.xml:9:9-12:40
115            android:name="com.liulishuo.okdownload.OkDownloadProvider"
115-->[com.liulishuo.okdownload:okdownload:1.0.6] AndroidManifest.xml:10:13-71
116            android:authorities="com.newbee.lixiaomodel.com.liulishuo.okdownload"
116-->[com.liulishuo.okdownload:okdownload:1.0.6] AndroidManifest.xml:11:13-76
117            android:exported="false" />
117-->[com.liulishuo.okdownload:okdownload:1.0.6] AndroidManifest.xml:12:13-37
118    </application>
119
120</manifest>